{"/home/luiz/my-projects/challenge/77sol-challenge/solar-simulator-cli/src/App.tsx": {"path":"/home/luiz/my-projects/challenge/77sol-challenge/solar-simulator-cli/src/App.tsx","statementMap":{"0":{"start":{"line":1,"column":0},"end":{"line":1,"column":46}},"1":{"start":{"line":2,"column":0},"end":{"line":2,"column":46}},"2":{"start":{"line":3,"column":0},"end":{"line":3,"column":48}},"3":{"start":{"line":6,"column":2},"end":{"line":10,"column":4}},"4":{"start":{"line":13,"column":0},"end":{"line":13,"column":19}}},"fnMap":{"0":{"name":"App","decl":{"start":{"line":5,"column":9},"end":{"line":5,"column":12}},"loc":{"start":{"line":5,"column":12},"end":{"line":11,"column":1}}}},"branchMap":{},"s":{"0":0,"1":0,"2":0,"3":0,"4":0},"f":{"0":0},"b":{}}
,"/home/luiz/my-projects/challenge/77sol-challenge/solar-simulator-cli/src/main.tsx": {"path":"/home/luiz/my-projects/challenge/77sol-challenge/solar-simulator-cli/src/main.tsx","statementMap":{"0":{"start":{"line":1,"column":0},"end":{"line":1,"column":25}},"1":{"start":{"line":2,"column":0},"end":{"line":2,"column":39}},"2":{"start":{"line":3,"column":0},"end":{"line":3,"column":27}},"3":{"start":{"line":5,"column":0},"end":{"line":9,"column":null}}},"fnMap":{},"branchMap":{},"s":{"0":0,"1":0,"2":0,"3":0},"f":{},"b":{}}
,"/home/luiz/my-projects/challenge/77sol-challenge/solar-simulator-cli/src/components/index.ts": {"path":"/home/luiz/my-projects/challenge/77sol-challenge/solar-simulator-cli/src/components/index.ts","statementMap":{"0":{"start":{"line":1,"column":0},"end":{"line":1,"column":24}},"1":{"start":{"line":2,"column":0},"end":{"line":2,"column":28}},"2":{"start":{"line":3,"column":0},"end":{"line":3,"column":24}},"3":{"start":{"line":4,"column":0},"end":{"line":4,"column":25}},"4":{"start":{"line":5,"column":0},"end":{"line":5,"column":25}}},"fnMap":{},"branchMap":{},"s":{"0":0,"1":0,"2":0,"3":0,"4":0},"f":{},"b":{}}
,"/home/luiz/my-projects/challenge/77sol-challenge/solar-simulator-cli/src/components/cards/index.ts": {"path":"/home/luiz/my-projects/challenge/77sol-challenge/solar-simulator-cli/src/components/cards/index.ts","statementMap":{"0":{"start":{"line":1,"column":0},"end":{"line":1,"column":9}},"1":{"start":{"line":3,"column":9},"end":{"line":1,"column":65}}},"fnMap":{"0":{"name":"(anonymous_0)","decl":{"start":{"line":3,"column":9},"end":{"line":3,"column":21}},"loc":{"start":{"line":3,"column":9},"end":{"line":1,"column":65}}}},"branchMap":{},"s":{"0":0,"1":0},"f":{"0":0},"b":{}}
,"/home/luiz/my-projects/challenge/77sol-challenge/solar-simulator-cli/src/components/cards/OutlinedCard/index.tsx": {"path":"/home/luiz/my-projects/challenge/77sol-challenge/solar-simulator-cli/src/components/cards/OutlinedCard/index.tsx","statementMap":{"0":{"start":{"line":1,"column":0},"end":{"line":1,"column":62}},"1":{"start":{"line":8,"column":28},"end":{"line":21,"column":1}},"2":{"start":{"line":9,"column":2},"end":{"line":20,"column":4}},"3":{"start":{"line":8,"column":13},"end":{"line":8,"column":28}}},"fnMap":{"0":{"name":"(anonymous_0)","decl":{"start":{"line":8,"column":28},"end":{"line":8,"column":29}},"loc":{"start":{"line":8,"column":68},"end":{"line":21,"column":1}}}},"branchMap":{},"s":{"0":1,"1":1,"2":2,"3":1},"f":{"0":2},"b":{}}
,"/home/luiz/my-projects/challenge/77sol-challenge/solar-simulator-cli/src/components/feedbacks/index.ts": {"path":"/home/luiz/my-projects/challenge/77sol-challenge/solar-simulator-cli/src/components/feedbacks/index.ts","statementMap":{"0":{"start":{"line":1,"column":0},"end":{"line":1,"column":9}},"1":{"start":{"line":3,"column":9},"end":{"line":1,"column":67}}},"fnMap":{"0":{"name":"(anonymous_0)","decl":{"start":{"line":3,"column":9},"end":{"line":3,"column":25}},"loc":{"start":{"line":3,"column":9},"end":{"line":1,"column":67}}}},"branchMap":{},"s":{"0":0,"1":0},"f":{"0":0},"b":{}}
,"/home/luiz/my-projects/challenge/77sol-challenge/solar-simulator-cli/src/components/feedbacks/SimulationResult/index.tsx": {"path":"/home/luiz/my-projects/challenge/77sol-challenge/solar-simulator-cli/src/components/feedbacks/SimulationResult/index.tsx","statementMap":{"0":{"start":{"line":1,"column":0},"end":{"line":1,"column":37}},"1":{"start":{"line":4,"column":0},"end":{"line":4,"column":43}},"2":{"start":{"line":5,"column":0},"end":{"line":5,"column":48}},"3":{"start":{"line":7,"column":0},"end":{"line":7,"column":57}},"4":{"start":{"line":24,"column":2},"end":{"line":42,"column":4}},"5":{"start":{"line":18,"column":0},"end":{"line":18,"column":16}}},"fnMap":{"0":{"name":"SimulationResult","decl":{"start":{"line":18,"column":16},"end":{"line":18,"column":32}},"loc":{"start":{"line":23,"column":14},"end":{"line":43,"column":1}}}},"branchMap":{},"s":{"0":0,"1":0,"2":0,"3":0,"4":0,"5":0},"f":{"0":0},"b":{}}
,"/home/luiz/my-projects/challenge/77sol-challenge/solar-simulator-cli/src/components/forms/index.ts": {"path":"/home/luiz/my-projects/challenge/77sol-challenge/solar-simulator-cli/src/components/forms/index.ts","statementMap":{"0":{"start":{"line":1,"column":0},"end":{"line":1,"column":9}},"1":{"start":{"line":4,"column":9},"end":{"line":1,"column":50}}},"fnMap":{"0":{"name":"(anonymous_0)","decl":{"start":{"line":4,"column":9},"end":{"line":4,"column":23}},"loc":{"start":{"line":4,"column":9},"end":{"line":1,"column":50}}}},"branchMap":{},"s":{"0":0,"1":0},"f":{"0":0},"b":{}}
,"/home/luiz/my-projects/challenge/77sol-challenge/solar-simulator-cli/src/components/forms/SimulationForm/index.tsx": {"path":"/home/luiz/my-projects/challenge/77sol-challenge/solar-simulator-cli/src/components/forms/SimulationForm/index.tsx","statementMap":{"0":{"start":{"line":1,"column":0},"end":{"line":1,"column":45}},"1":{"start":{"line":2,"column":0},"end":{"line":2,"column":null}},"2":{"start":{"line":12,"column":0},"end":{"line":12,"column":60}},"3":{"start":{"line":15,"column":0},"end":{"line":15,"column":45}},"4":{"start":{"line":25,"column":53},"end":{"line":28,"column":4}},"5":{"start":{"line":30,"column":2},"end":{"line":105,"column":4}},"6":{"start":{"line":39,"column":16},"end":{"line":45,"column":null}},"7":{"start":{"line":55,"column":16},"end":{"line":67,"column":null}},"8":{"start":{"line":78,"column":16},"end":{"line":92,"column":null}},"9":{"start":{"line":83,"column":20},"end":{"line":83,"column":56}},"10":{"start":{"line":87,"column":20},"end":{"line":87,"column":74}},"11":{"start":{"line":90,"column":20},"end":{"line":90,"column":41}},"12":{"start":{"line":91,"column":20},"end":{"line":91,"column":32}},"13":{"start":{"line":20,"column":0},"end":{"line":20,"column":16}}},"fnMap":{"0":{"name":"SimulationForm","decl":{"start":{"line":20,"column":16},"end":{"line":20,"column":30}},"loc":{"start":{"line":24,"column":12},"end":{"line":106,"column":1}}},"1":{"name":"(anonymous_1)","decl":{"start":{"line":38,"column":22},"end":{"line":38,"column":23}},"loc":{"start":{"line":39,"column":16},"end":{"line":45,"column":null}}},"2":{"name":"(anonymous_2)","decl":{"start":{"line":54,"column":22},"end":{"line":54,"column":23}},"loc":{"start":{"line":55,"column":16},"end":{"line":67,"column":null}}},"3":{"name":"(anonymous_3)","decl":{"start":{"line":77,"column":22},"end":{"line":77,"column":23}},"loc":{"start":{"line":78,"column":16},"end":{"line":92,"column":null}}},"4":{"name":"(anonymous_4)","decl":{"start":{"line":82,"column":40},"end":{"line":82,"column":41}},"loc":{"start":{"line":82,"column":58},"end":{"line":84,"column":19}}},"5":{"name":"(anonymous_5)","decl":{"start":{"line":86,"column":31},"end":{"line":86,"column":32}},"loc":{"start":{"line":87,"column":20},"end":{"line":87,"column":74}}},"6":{"name":"(anonymous_6)","decl":{"start":{"line":89,"column":28},"end":{"line":89,"column":29}},"loc":{"start":{"line":89,"column":40},"end":{"line":92,"column":19}}}},"branchMap":{"0":{"loc":{"start":{"line":45,"column":25},"end":{"line":45,"column":42}},"type":"binary-expr","locations":[{"start":{"line":45,"column":25},"end":{"line":45,"column":36}},{"start":{"line":45,"column":40},"end":{"line":45,"column":42}}]},"1":{"loc":{"start":{"line":67,"column":25},"end":{"line":67,"column":42}},"type":"binary-expr","locations":[{"start":{"line":67,"column":25},"end":{"line":67,"column":36}},{"start":{"line":67,"column":40},"end":{"line":67,"column":42}}]},"2":{"loc":{"start":{"line":100,"column":13},"end":{"line":100,"column":48}},"type":"cond-expr","locations":[{"start":{"line":100,"column":25},"end":{"line":100,"column":37}},{"start":{"line":100,"column":40},"end":{"line":100,"column":48}}]}},"s":{"0":0,"1":0,"2":0,"3":0,"4":0,"5":0,"6":0,"7":0,"8":0,"9":0,"10":0,"11":0,"12":0,"13":0},"f":{"0":0,"1":0,"2":0,"3":0,"4":0,"5":0,"6":0},"b":{"0":[0,0],"1":[0,0],"2":[0,0]}}
,"/home/luiz/my-projects/challenge/77sol-challenge/solar-simulator-cli/src/components/forms/SimulationForm/schema.ts": {"path":"/home/luiz/my-projects/challenge/77sol-challenge/solar-simulator-cli/src/components/forms/SimulationForm/schema.ts","statementMap":{"0":{"start":{"line":1,"column":0},"end":{"line":1,"column":25}},"1":{"start":{"line":3,"column":13},"end":{"line":26,"column":3}},"2":{"start":{"line":13,"column":8},"end":{"line":13,"column":66}},"3":{"start":{"line":13,"column":53},"end":{"line":13,"column":66}},"4":{"start":{"line":14,"column":8},"end":{"line":14,"column":20}}},"fnMap":{"0":{"name":"(anonymous_6)","decl":{"start":{"line":12,"column":6},"end":{"line":12,"column":7}},"loc":{"start":{"line":12,"column":14},"end":{"line":15,"column":7}}}},"branchMap":{"0":{"loc":{"start":{"line":13,"column":8},"end":{"line":13,"column":66}},"type":"if","locations":[{"start":{"line":13,"column":8},"end":{"line":13,"column":66}}]},"1":{"loc":{"start":{"line":13,"column":12},"end":{"line":13,"column":51}},"type":"binary-expr","locations":[{"start":{"line":13,"column":12},"end":{"line":13,"column":31}},{"start":{"line":13,"column":35},"end":{"line":13,"column":51}}]}},"s":{"0":0,"1":0,"2":0,"3":0,"4":0},"f":{"0":0},"b":{"0":[0],"1":[0,0]}}
,"/home/luiz/my-projects/challenge/77sol-challenge/solar-simulator-cli/src/components/forms/SimulationForm/hooks/useSimulatorForm.ts": {"path":"/home/luiz/my-projects/challenge/77sol-challenge/solar-simulator-cli/src/components/forms/SimulationForm/hooks/useSimulatorForm.ts","statementMap":{"0":{"start":{"line":1,"column":0},"end":{"line":1,"column":54}},"1":{"start":{"line":2,"column":0},"end":{"line":2,"column":42}},"2":{"start":{"line":5,"column":0},"end":{"line":5,"column":50}},"3":{"start":{"line":12,"column":18},"end":{"line":37,"column":4}},"4":{"start":{"line":43,"column":6},"end":{"line":46,"column":4}},"5":{"start":{"line":48,"column":23},"end":{"line":50,"column":4}},"6":{"start":{"line":49,"column":4},"end":{"line":49,"column":19}},"7":{"start":{"line":52,"column":2},"end":{"line":52,"column":52}},"8":{"start":{"line":8,"column":0},"end":{"line":8,"column":16}}},"fnMap":{"0":{"name":"useSimulatorForm","decl":{"start":{"line":8,"column":16},"end":{"line":8,"column":32}},"loc":{"start":{"line":11,"column":31},"end":{"line":53,"column":1}}},"1":{"name":"(anonymous_1)","decl":{"start":{"line":48,"column":36},"end":{"line":48,"column":37}},"loc":{"start":{"line":48,"column":45},"end":{"line":50,"column":3}}}},"branchMap":{},"s":{"0":0,"1":0,"2":0,"3":0,"4":0,"5":0,"6":0,"7":0,"8":0},"f":{"0":0,"1":0},"b":{}}
,"/home/luiz/my-projects/challenge/77sol-challenge/solar-simulator-cli/src/components/inputs/index.ts": {"path":"/home/luiz/my-projects/challenge/77sol-challenge/solar-simulator-cli/src/components/inputs/index.ts","statementMap":{"0":{"start":{"line":1,"column":0},"end":{"line":1,"column":9}},"1":{"start":{"line":3,"column":9},"end":{"line":1,"column":68}}},"fnMap":{"0":{"name":"(anonymous_0)","decl":{"start":{"line":3,"column":9},"end":{"line":3,"column":22}},"loc":{"start":{"line":3,"column":9},"end":{"line":1,"column":68}}}},"branchMap":{},"s":{"0":0,"1":0},"f":{"0":0},"b":{}}
,"/home/luiz/my-projects/challenge/77sol-challenge/solar-simulator-cli/src/components/inputs/InputWithMask/index.tsx": {"path":"/home/luiz/my-projects/challenge/77sol-challenge/solar-simulator-cli/src/components/inputs/InputWithMask/index.tsx","statementMap":{"0":{"start":{"line":1,"column":0},"end":{"line":1,"column":40}},"1":{"start":{"line":2,"column":0},"end":{"line":2,"column":58}},"2":{"start":{"line":3,"column":0},"end":{"line":3,"column":41}},"3":{"start":{"line":13,"column":13},"end":{"line":38,"column":3}},"4":{"start":{"line":17,"column":38},"end":{"line":17,"column":66}},"5":{"start":{"line":19,"column":23},"end":{"line":25,"column":3}},"6":{"start":{"line":20,"column":22},"end":{"line":20,"column":34}},"7":{"start":{"line":21,"column":4},"end":{"line":21,"column":25}},"8":{"start":{"line":22,"column":4},"end":{"line":24,"column":null}},"9":{"start":{"line":23,"column":6},"end":{"line":23,"column":22}},"10":{"start":{"line":27,"column":2},"end":{"line":37,"column":4}}},"fnMap":{"0":{"name":"(anonymous_7)","decl":{"start":{"line":16,"column":2},"end":{"line":16,"column":3}},"loc":{"start":{"line":16,"column":78},"end":{"line":38,"column":1}}},"1":{"name":"(anonymous_8)","decl":{"start":{"line":19,"column":23},"end":{"line":19,"column":24}},"loc":{"start":{"line":19,"column":70},"end":{"line":25,"column":3}}}},"branchMap":{"0":{"loc":{"start":{"line":17,"column":47},"end":{"line":17,"column":65}},"type":"binary-expr","locations":[{"start":{"line":17,"column":47},"end":{"line":17,"column":59}},{"start":{"line":17,"column":63},"end":{"line":17,"column":65}}]},"1":{"loc":{"start":{"line":22,"column":4},"end":{"line":24,"column":null}},"type":"if","locations":[{"start":{"line":22,"column":4},"end":{"line":24,"column":null}}]},"2":{"loc":{"start":{"line":31,"column":13},"end":{"line":31,"column":32}},"type":"binary-expr","locations":[{"start":{"line":31,"column":13},"end":{"line":31,"column":18}},{"start":{"line":31,"column":22},"end":{"line":31,"column":32}}]}},"s":{"0":0,"1":0,"2":0,"3":0,"4":0,"5":0,"6":0,"7":0,"8":0,"9":0,"10":0},"f":{"0":0,"1":0},"b":{"0":[0,0],"1":[0],"2":[0,0]}}
,"/home/luiz/my-projects/challenge/77sol-challenge/solar-simulator-cli/src/components/tables/index.ts": {"path":"/home/luiz/my-projects/challenge/77sol-challenge/solar-simulator-cli/src/components/tables/index.ts","statementMap":{"0":{"start":{"line":1,"column":0},"end":{"line":1,"column":9}},"1":{"start":{"line":3,"column":9},"end":{"line":1,"column":77}}},"fnMap":{"0":{"name":"(anonymous_0)","decl":{"start":{"line":3,"column":9},"end":{"line":3,"column":25}},"loc":{"start":{"line":3,"column":9},"end":{"line":1,"column":77}}}},"branchMap":{},"s":{"0":0,"1":0},"f":{"0":0},"b":{}}
,"/home/luiz/my-projects/challenge/77sol-challenge/solar-simulator-cli/src/components/tables/InstallmentTable/index.tsx": {"path":"/home/luiz/my-projects/challenge/77sol-challenge/solar-simulator-cli/src/components/tables/InstallmentTable/index.tsx","statementMap":{"0":{"start":{"line":1,"column":0},"end":{"line":1,"column":40}},"1":{"start":{"line":2,"column":0},"end":{"line":2,"column":48}},"2":{"start":{"line":3,"column":0},"end":{"line":3,"column":48}},"3":{"start":{"line":4,"column":0},"end":{"line":4,"column":58}},"4":{"start":{"line":5,"column":0},"end":{"line":5,"column":48}},"5":{"start":{"line":6,"column":0},"end":{"line":6,"column":46}},"6":{"start":{"line":7,"column":0},"end":{"line":7,"column":40}},"7":{"start":{"line":10,"column":0},"end":{"line":10,"column":57}},"8":{"start":{"line":19,"column":2},"end":{"line":49,"column":4}},"9":{"start":{"line":33,"column":12},"end":{"line":34,"column":null}},"10":{"start":{"line":18,"column":0},"end":{"line":18,"column":16}}},"fnMap":{"0":{"name":"InstallmentTable","decl":{"start":{"line":18,"column":16},"end":{"line":18,"column":32}},"loc":{"start":{"line":18,"column":71},"end":{"line":50,"column":1}}},"1":{"name":"(anonymous_2)","decl":{"start":{"line":32,"column":27},"end":{"line":32,"column":28}},"loc":{"start":{"line":33,"column":12},"end":{"line":34,"column":null}}}},"branchMap":{},"s":{"0":0,"1":0,"2":0,"3":0,"4":0,"5":0,"6":0,"7":0,"8":0,"9":0,"10":0},"f":{"0":0,"1":0},"b":{}}
,"/home/luiz/my-projects/challenge/77sol-challenge/solar-simulator-cli/src/pages/Simulator/index.tsx": {"path":"/home/luiz/my-projects/challenge/77sol-challenge/solar-simulator-cli/src/pages/Simulator/index.tsx","statementMap":{"0":{"start":{"line":1,"column":0},"end":{"line":1,"column":null}},"1":{"start":{"line":13,"column":0},"end":{"line":13,"column":62}},"2":{"start":{"line":14,"column":0},"end":{"line":14,"column":56}},"3":{"start":{"line":17,"column":0},"end":{"line":17,"column":72}},"4":{"start":{"line":21,"column":4},"end":{"line":21,"column":28}},"5":{"start":{"line":23,"column":2},"end":{"line":74,"column":4}},"6":{"start":{"line":19,"column":0},"end":{"line":19,"column":16}}},"fnMap":{"0":{"name":"Simulator","decl":{"start":{"line":19,"column":16},"end":{"line":19,"column":25}},"loc":{"start":{"line":19,"column":25},"end":{"line":75,"column":1}}}},"branchMap":{"0":{"loc":{"start":{"line":41,"column":9},"end":{"line":47,"column":null}},"type":"binary-expr","locations":[{"start":{"line":41,"column":9},"end":{"line":41,"column":17}},{"start":{"line":41,"column":21},"end":{"line":41,"column":31}},{"start":{"line":41,"column":35},"end":{"line":41,"column":39}},{"start":{"line":42,"column":10},"end":{"line":46,"column":null}}]},"1":{"loc":{"start":{"line":50,"column":9},"end":{"line":53,"column":null}},"type":"binary-expr","locations":[{"start":{"line":50,"column":9},"end":{"line":50,"column":16}},{"start":{"line":51,"column":10},"end":{"line":51,"column":null}}]},"2":{"loc":{"start":{"line":56,"column":9},"end":{"line":70,"column":null}},"type":"binary-expr","locations":[{"start":{"line":56,"column":9},"end":{"line":56,"column":18}},{"start":{"line":57,"column":10},"end":{"line":69,"column":null}}]}},"s":{"0":0,"1":0,"2":0,"3":0,"4":0,"5":0,"6":0},"f":{"0":0},"b":{"0":[0,0,0,0],"1":[0,0],"2":[0,0]}}
,"/home/luiz/my-projects/challenge/77sol-challenge/solar-simulator-cli/src/pages/Simulator/hooks/useGetSimulationResult.ts": {"path":"/home/luiz/my-projects/challenge/77sol-challenge/solar-simulator-cli/src/pages/Simulator/hooks/useGetSimulationResult.ts","statementMap":{"0":{"start":{"line":1,"column":0},"end":{"line":1,"column":46}},"1":{"start":{"line":4,"column":0},"end":{"line":4,"column":76}},"2":{"start":{"line":11,"column":34},"end":{"line":11,"column":49}},"3":{"start":{"line":12,"column":30},"end":{"line":12,"column":45}},"4":{"start":{"line":13,"column":26},"end":{"line":13,"column":63}},"5":{"start":{"line":15,"column":36},"end":{"line":30,"column":8}},"6":{"start":{"line":16,"column":4},"end":{"line":29,"column":null}},"7":{"start":{"line":17,"column":6},"end":{"line":17,"column":22}},"8":{"start":{"line":18,"column":6},"end":{"line":18,"column":23}},"9":{"start":{"line":19,"column":23},"end":{"line":23,"column":8}},"10":{"start":{"line":24,"column":6},"end":{"line":24,"column":29}},"11":{"start":{"line":25,"column":6},"end":{"line":25,"column":24}},"12":{"start":{"line":27,"column":6},"end":{"line":27,"column":24}},"13":{"start":{"line":28,"column":6},"end":{"line":28,"column":21}},"14":{"start":{"line":32,"column":2},"end":{"line":32,"column":65}},"15":{"start":{"line":10,"column":0},"end":{"line":10,"column":16}}},"fnMap":{"0":{"name":"useGetSimulationResult","decl":{"start":{"line":10,"column":16},"end":{"line":10,"column":38}},"loc":{"start":{"line":10,"column":38},"end":{"line":33,"column":1}}},"1":{"name":"(anonymous_1)","decl":{"start":{"line":15,"column":48},"end":{"line":15,"column":53}},"loc":{"start":{"line":15,"column":78},"end":{"line":30,"column":3}}}},"branchMap":{},"s":{"0":0,"1":0,"2":0,"3":0,"4":0,"5":0,"6":0,"7":0,"8":0,"9":0,"10":0,"11":0,"12":0,"13":0,"14":0,"15":0},"f":{"0":0,"1":0},"b":{}}
,"/home/luiz/my-projects/challenge/77sol-challenge/solar-simulator-cli/src/services/endpoints/simulator.ts": {"path":"/home/luiz/my-projects/challenge/77sol-challenge/solar-simulator-cli/src/services/endpoints/simulator.ts","statementMap":{"0":{"start":{"line":4,"column":0},"end":{"line":4,"column":25}},"1":{"start":{"line":17,"column":2},"end":{"line":22,"column":4}},"2":{"start":{"line":9,"column":0},"end":{"line":9,"column":16}}},"fnMap":{"0":{"name":"getSimulationResult","decl":{"start":{"line":9,"column":16},"end":{"line":9,"column":35}},"loc":{"start":{"line":15,"column":29},"end":{"line":23,"column":1}}}},"branchMap":{},"s":{"0":0,"1":0,"2":0},"f":{"0":0},"b":{}}
,"/home/luiz/my-projects/challenge/77sol-challenge/solar-simulator-cli/src/styles/themes/default.ts": {"path":"/home/luiz/my-projects/challenge/77sol-challenge/solar-simulator-cli/src/styles/themes/default.ts","statementMap":{"0":{"start":{"line":1,"column":0},"end":{"line":1,"column":44}},"1":{"start":{"line":3,"column":13},"end":{"line":7,"column":3}}},"fnMap":{},"branchMap":{},"s":{"0":0,"1":0},"f":{},"b":{}}
,"/home/luiz/my-projects/challenge/77sol-challenge/solar-simulator-cli/src/utils/formatMoney.ts": {"path":"/home/luiz/my-projects/challenge/77sol-challenge/solar-simulator-cli/src/utils/formatMoney.ts","statementMap":{"0":{"start":{"line":2,"column":2},"end":{"line":5,"column":19}},"1":{"start":{"line":1,"column":0},"end":{"line":1,"column":16}}},"fnMap":{"0":{"name":"formatMoney","decl":{"start":{"line":1,"column":16},"end":{"line":1,"column":27}},"loc":{"start":{"line":1,"column":41},"end":{"line":6,"column":1}}}},"branchMap":{},"s":{"0":0,"1":0},"f":{"0":0},"b":{}}
}
